<?xml version="1.0" encoding="UTF-8"?>
<testng-results skipped="0" failed="1" total="1" passed="0">
  <reporter-output>
  </reporter-output>
  <suite name="Default suite" duration-ms="6708" started-at="2018-06-13T02:35:25Z" finished-at="2018-06-13T02:35:32Z">
    <groups>
    </groups>
    <test name="Default test" duration-ms="6708" started-at="2018-06-13T02:35:25Z" finished-at="2018-06-13T02:35:32Z">
      <class name="com.qa.tests.YoutubeVideoTest">
        <test-method status="FAIL" signature="testYoutubeWithSikuli()[pri:0, instance:com.qa.tests.YoutubeVideoTest@4c70fda8]" name="testYoutubeWithSikuli" duration-ms="6681" started-at="2018-06-13T08:05:25Z" finished-at="2018-06-13T08:05:32Z">
          <exception class="java.lang.NoSuchFieldError">
            <message>
              <![CDATA[RepeatWaitTime]]>
            </message>
            <full-stacktrace>
              <![CDATA[java.lang.NoSuchFieldError: RepeatWaitTime
	at org.sikuli.script.Region.<init>(Region.java:78)
	at org.sikuli.script.Screen.<init>(Screen.java:106)
	at org.sikuli.script.Screen.initScreens(Screen.java:90)
	at org.sikuli.script.Screen.<clinit>(Screen.java:53)
	at com.qa.tests.YoutubeVideoTest.testYoutubeWithSikuli(YoutubeVideoTest.java:28)
	at sun.reflect.NativeMethodAccessorImpl.invoke0(Native Method)
	at sun.reflect.NativeMethodAccessorImpl.invoke(NativeMethodAccessorImpl.java:62)
	at sun.reflect.DelegatingMethodAccessorImpl.invoke(DelegatingMethodAccessorImpl.java:43)
	at java.lang.reflect.Method.invoke(Method.java:498)
	at org.testng.internal.MethodInvocationHelper.invokeMethod(MethodInvocationHelper.java:100)
	at org.testng.internal.Invoker.invokeMethod(Invoker.java:646)
	at org.testng.internal.Invoker.invokeTestMethod(Invoker.java:811)
	at org.testng.internal.Invoker.invokeTestMethods(Invoker.java:1137)
	at org.testng.internal.TestMethodWorker.invokeTestMethods(TestMethodWorker.java:129)
	at org.testng.internal.TestMethodWorker.run(TestMethodWorker.java:112)
	at org.testng.TestRunner.privateRun(TestRunner.java:753)
	at org.testng.TestRunner.run(TestRunner.java:607)
	at org.testng.SuiteRunner.runTest(SuiteRunner.java:368)
	at org.testng.SuiteRunner.runSequentially(SuiteRunner.java:363)
	at org.testng.SuiteRunner.privateRun(SuiteRunner.java:321)
	at org.testng.SuiteRunner.run(SuiteRunner.java:270)
	at org.testng.SuiteRunnerWorker.runSuite(SuiteRunnerWorker.java:52)
	at org.testng.SuiteRunnerWorker.run(SuiteRunnerWorker.java:86)
	at org.testng.TestNG.runSuitesSequentially(TestNG.java:1284)
	at org.testng.TestNG.runSuitesLocally(TestNG.java:1209)
	at org.testng.TestNG.runSuites(TestNG.java:1124)
	at org.testng.TestNG.run(TestNG.java:1096)
	at org.testng.remote.AbstractRemoteTestNG.run(AbstractRemoteTestNG.java:132)
	at org.testng.remote.RemoteTestNG.initAndRun(RemoteTestNG.java:236)
	at org.testng.remote.RemoteTestNG.main(RemoteTestNG.java:81)
]]>
            </full-stacktrace>
          </exception> <!-- java.lang.NoSuchFieldError -->
          <reporter-output>
          </reporter-output>
        </test-method> <!-- testYoutubeWithSikuli -->
      </class> <!-- com.qa.tests.YoutubeVideoTest -->
    </test> <!-- Default test -->
  </suite> <!-- Default suite -->
</testng-results>
