<?xml version="1.0" encoding="UTF-8"?>
<testng-results skipped="0" failed="0" total="1" passed="1">
  <reporter-output>
  </reporter-output>
  <suite name="Default suite" duration-ms="6847" started-at="2018-06-18T14:46:48Z" finished-at="2018-06-18T14:46:55Z">
    <groups>
    </groups>
    <test name="Default test" duration-ms="6847" started-at="2018-06-18T14:46:48Z" finished-at="2018-06-18T14:46:55Z">
      <class name="com.qa.tests.SeleniumCommands">
        <test-method status="PASS" signature="testSeleniumCommands()[pri:0, instance:com.qa.tests.SeleniumCommands@55f3ddb1]" name="testSeleniumCommands" duration-ms="6811" started-at="2018-06-18T20:16:48Z" finished-at="2018-06-18T20:16:55Z">
          <reporter-output>
          </reporter-output>
        </test-method> <!-- testSeleniumCommands -->
      </class> <!-- com.qa.tests.SeleniumCommands -->
    </test> <!-- Default test -->
  </suite> <!-- Default suite -->
</testng-results>
